[2015-11-03 13:36:03] local.ERROR: exception 'PDOException' with message 'SQLSTATE[HY000] [2002] No connection could be made because the target machine actively refused it.
' in C:\ProgramFiles\laravelProjekt\web-engineering-fhnw-wi-2015\vendor\laravel\framework\src\Illuminate\Database\Connectors\Connector.php:55
Stack trace:
#0 C:\ProgramFiles\laravelProjekt\web-engineering-fhnw-wi-2015\vendor\laravel\framework\src\Illuminate\Database\Connectors\Connector.php(55): PDO->__construct('mysql:host=loca...', 'homestead', 'secret', Array)
#1 C:\ProgramFiles\laravelProjekt\web-engineering-fhnw-wi-2015\vendor\laravel\framework\src\Illuminate\Database\Connectors\MySqlConnector.php(22): Illuminate\Database\Connectors\Connector->createConnection('mysql:host=loca...', Array, Array)
#2 C:\ProgramFiles\laravelProjekt\web-engineering-fhnw-wi-2015\vendor\laravel\framework\src\Illuminate\Database\Connectors\ConnectionFactory.php(60): Illuminate\Database\Connectors\MySqlConnector->connect(Array)
#3 C:\ProgramFiles\laravelProjekt\web-engineering-fhnw-wi-2015\vendor\laravel\framework\src\Illuminate\Database\Connectors\ConnectionFactory.php(49): Illuminate\Database\Connectors\ConnectionFactory->createSingleConnection(Array)
#4 C:\ProgramFiles\laravelProjekt\web-engineering-fhnw-wi-2015\vendor\laravel\framework\src\Illuminate\Database\DatabaseManager.php(175): Illuminate\Database\Connectors\ConnectionFactory->make(Array, 'mysql')
#5 C:\ProgramFiles\laravelProjekt\web-engineering-fhnw-wi-2015\vendor\laravel\framework\src\Illuminate\Database\DatabaseManager.php(67): Illuminate\Database\DatabaseManager->makeConnection('mysql')
#6 C:\ProgramFiles\laravelProjekt\web-engineering-fhnw-wi-2015\vendor\laravel\framework\src\Illuminate\Database\Migrations\DatabaseMigrationRepository.php(171): Illuminate\Database\DatabaseManager->connection(NULL)
#7 C:\ProgramFiles\laravelProjekt\web-engineering-fhnw-wi-2015\vendor\laravel\framework\src\Illuminate\Database\Migrations\DatabaseMigrationRepository.php(120): Illuminate\Database\Migrations\DatabaseMigrationRepository->getConnection()
#8 C:\ProgramFiles\laravelProjekt\web-engineering-fhnw-wi-2015\vendor\laravel\framework\src\Illuminate\Database\Console\Migrations\InstallCommand.php(54): Illuminate\Database\Migrations\DatabaseMigrationRepository->createRepository()
#9 [internal function]: Illuminate\Database\Console\Migrations\InstallCommand->fire()
#10 C:\ProgramFiles\laravelProjekt\web-engineering-fhnw-wi-2015\vendor\laravel\framework\src\Illuminate\Container\Container.php(503): call_user_func_array(Array, Array)
#11 C:\ProgramFiles\laravelProjekt\web-engineering-fhnw-wi-2015\vendor\laravel\framework\src\Illuminate\Console\Command.php(150): Illuminate\Container\Container->call(Array)
#12 C:\ProgramFiles\laravelProjekt\web-engineering-fhnw-wi-2015\vendor\symfony\console\Command\Command.php(259): Illuminate\Console\Command->execute(Object(Symfony\Component\Console\Input\ArgvInput), Object(Symfony\Component\Console\Output\ConsoleOutput))
#13 C:\ProgramFiles\laravelProjekt\web-engineering-fhnw-wi-2015\vendor\laravel\framework\src\Illuminate\Console\Command.php(136): Symfony\Component\Console\Command\Command->run(Object(Symfony\Component\Console\Input\ArgvInput), Object(Symfony\Component\Console\Output\ConsoleOutput))
#14 C:\ProgramFiles\laravelProjekt\web-engineering-fhnw-wi-2015\vendor\symfony\console\Application.php(878): Illuminate\Console\Command->run(Object(Symfony\Component\Console\Input\ArgvInput), Object(Symfony\Component\Console\Output\ConsoleOutput))
#15 C:\ProgramFiles\laravelProjekt\web-engineering-fhnw-wi-2015\vendor\symfony\console\Application.php(195): Symfony\Component\Console\Application->doRunCommand(Object(Illuminate\Database\Console\Migrations\InstallCommand), Object(Symfony\Component\Console\Input\ArgvInput), Object(Symfony\Component\Console\Output\ConsoleOutput))
#16 C:\ProgramFiles\laravelProjekt\web-engineering-fhnw-wi-2015\vendor\symfony\console\Application.php(126): Symfony\Component\Console\Application->doRun(Object(Symfony\Component\Console\Input\ArgvInput), Object(Symfony\Component\Console\Output\ConsoleOutput))
#17 C:\ProgramFiles\laravelProjekt\web-engineering-fhnw-wi-2015\vendor\laravel\framework\src\Illuminate\Foundation\Console\Kernel.php(107): Symfony\Component\Console\Application->run(Object(Symfony\Component\Console\Input\ArgvInput), Object(Symfony\Component\Console\Output\ConsoleOutput))
#18 C:\ProgramFiles\laravelProjekt\web-engineering-fhnw-wi-2015\artisan(36): Illuminate\Foundation\Console\Kernel->handle(Object(Symfony\Component\Console\Input\ArgvInput), Object(Symfony\Component\Console\Output\ConsoleOutput))
#19 {main}  
[2015-11-03 13:36:20] local.ERROR: exception 'PDOException' with message 'SQLSTATE[HY000] [2002] No connection could be made because the target machine actively refused it.
' in C:\ProgramFiles\laravelProjekt\web-engineering-fhnw-wi-2015\vendor\laravel\framework\src\Illuminate\Database\Connectors\Connector.php:55
Stack trace:
#0 C:\ProgramFiles\laravelProjekt\web-engineering-fhnw-wi-2015\vendor\laravel\framework\src\Illuminate\Database\Connectors\Connector.php(55): PDO->__construct('mysql:host=loca...', 'homestead', 'secret', Array)
#1 C:\ProgramFiles\laravelProjekt\web-engineering-fhnw-wi-2015\vendor\laravel\framework\src\Illuminate\Database\Connectors\MySqlConnector.php(22): Illuminate\Database\Connectors\Connector->createConnection('mysql:host=loca...', Array, Array)
#2 C:\ProgramFiles\laravelProjekt\web-engineering-fhnw-wi-2015\vendor\laravel\framework\src\Illuminate\Database\Connectors\ConnectionFactory.php(60): Illuminate\Database\Connectors\MySqlConnector->connect(Array)
#3 C:\ProgramFiles\laravelProjekt\web-engineering-fhnw-wi-2015\vendor\laravel\framework\src\Illuminate\Database\Connectors\ConnectionFactory.php(49): Illuminate\Database\Connectors\ConnectionFactory->createSingleConnection(Array)
#4 C:\ProgramFiles\laravelProjekt\web-engineering-fhnw-wi-2015\vendor\laravel\framework\src\Illuminate\Database\DatabaseManager.php(175): Illuminate\Database\Connectors\ConnectionFactory->make(Array, 'mysql')
#5 C:\ProgramFiles\laravelProjekt\web-engineering-fhnw-wi-2015\vendor\laravel\framework\src\Illuminate\Database\DatabaseManager.php(67): Illuminate\Database\DatabaseManager->makeConnection('mysql')
#6 C:\ProgramFiles\laravelProjekt\web-engineering-fhnw-wi-2015\vendor\laravel\framework\src\Illuminate\Database\Migrations\DatabaseMigrationRepository.php(171): Illuminate\Database\DatabaseManager->connection(NULL)
#7 C:\ProgramFiles\laravelProjekt\web-engineering-fhnw-wi-2015\vendor\laravel\framework\src\Illuminate\Database\Migrations\DatabaseMigrationRepository.php(120): Illuminate\Database\Migrations\DatabaseMigrationRepository->getConnection()
#8 C:\ProgramFiles\laravelProjekt\web-engineering-fhnw-wi-2015\vendor\laravel\framework\src\Illuminate\Database\Console\Migrations\InstallCommand.php(54): Illuminate\Database\Migrations\DatabaseMigrationRepository->createRepository()
#9 [internal function]: Illuminate\Database\Console\Migrations\InstallCommand->fire()
#10 C:\ProgramFiles\laravelProjekt\web-engineering-fhnw-wi-2015\vendor\laravel\framework\src\Illuminate\Container\Container.php(503): call_user_func_array(Array, Array)
#11 C:\ProgramFiles\laravelProjekt\web-engineering-fhnw-wi-2015\vendor\laravel\framework\src\Illuminate\Console\Command.php(150): Illuminate\Container\Container->call(Array)
#12 C:\ProgramFiles\laravelProjekt\web-engineering-fhnw-wi-2015\vendor\symfony\console\Command\Command.php(259): Illuminate\Console\Command->execute(Object(Symfony\Component\Console\Input\ArgvInput), Object(Symfony\Component\Console\Output\ConsoleOutput))
#13 C:\ProgramFiles\laravelProjekt\web-engineering-fhnw-wi-2015\vendor\laravel\framework\src\Illuminate\Console\Command.php(136): Symfony\Component\Console\Command\Command->run(Object(Symfony\Component\Console\Input\ArgvInput), Object(Symfony\Component\Console\Output\ConsoleOutput))
#14 C:\ProgramFiles\laravelProjekt\web-engineering-fhnw-wi-2015\vendor\symfony\console\Application.php(878): Illuminate\Console\Command->run(Object(Symfony\Component\Console\Input\ArgvInput), Object(Symfony\Component\Console\Output\ConsoleOutput))
#15 C:\ProgramFiles\laravelProjekt\web-engineering-fhnw-wi-2015\vendor\symfony\console\Application.php(195): Symfony\Component\Console\Application->doRunCommand(Object(Illuminate\Database\Console\Migrations\InstallCommand), Object(Symfony\Component\Console\Input\ArgvInput), Object(Symfony\Component\Console\Output\ConsoleOutput))
#16 C:\ProgramFiles\laravelProjekt\web-engineering-fhnw-wi-2015\vendor\symfony\console\Application.php(126): Symfony\Component\Console\Application->doRun(Object(Symfony\Component\Console\Input\ArgvInput), Object(Symfony\Component\Console\Output\ConsoleOutput))
#17 C:\ProgramFiles\laravelProjekt\web-engineering-fhnw-wi-2015\vendor\laravel\framework\src\Illuminate\Foundation\Console\Kernel.php(107): Symfony\Component\Console\Application->run(Object(Symfony\Component\Console\Input\ArgvInput), Object(Symfony\Component\Console\Output\ConsoleOutput))
#18 C:\ProgramFiles\laravelProjekt\web-engineering-fhnw-wi-2015\artisan(36): Illuminate\Foundation\Console\Kernel->handle(Object(Symfony\Component\Console\Input\ArgvInput), Object(Symfony\Component\Console\Output\ConsoleOutput))
#19 {main}  
[2015-11-03 13:39:04] local.ERROR: exception 'PDOException' with message 'SQLSTATE[HY000] [2002] No connection could be made because the target machine actively refused it.
' in C:\ProgramFiles\laravelProjekt\web-engineering-fhnw-wi-2015\vendor\laravel\framework\src\Illuminate\Database\Connectors\Connector.php:55
Stack trace:
#0 C:\ProgramFiles\laravelProjekt\web-engineering-fhnw-wi-2015\vendor\laravel\framework\src\Illuminate\Database\Connectors\Connector.php(55): PDO->__construct('mysql:host=loca...', 'root', '', Array)
#1 C:\ProgramFiles\laravelProjekt\web-engineering-fhnw-wi-2015\vendor\laravel\framework\src\Illuminate\Database\Connectors\MySqlConnector.php(22): Illuminate\Database\Connectors\Connector->createConnection('mysql:host=loca...', Array, Array)
#2 C:\ProgramFiles\laravelProjekt\web-engineering-fhnw-wi-2015\vendor\laravel\framework\src\Illuminate\Database\Connectors\ConnectionFactory.php(60): Illuminate\Database\Connectors\MySqlConnector->connect(Array)
#3 C:\ProgramFiles\laravelProjekt\web-engineering-fhnw-wi-2015\vendor\laravel\framework\src\Illuminate\Database\Connectors\ConnectionFactory.php(49): Illuminate\Database\Connectors\ConnectionFactory->createSingleConnection(Array)
#4 C:\ProgramFiles\laravelProjekt\web-engineering-fhnw-wi-2015\vendor\laravel\framework\src\Illuminate\Database\DatabaseManager.php(175): Illuminate\Database\Connectors\ConnectionFactory->make(Array, 'mysql')
#5 C:\ProgramFiles\laravelProjekt\web-engineering-fhnw-wi-2015\vendor\laravel\framework\src\Illuminate\Database\DatabaseManager.php(67): Illuminate\Database\DatabaseManager->makeConnection('mysql')
#6 C:\ProgramFiles\laravelProjekt\web-engineering-fhnw-wi-2015\vendor\laravel\framework\src\Illuminate\Database\Migrations\DatabaseMigrationRepository.php(171): Illuminate\Database\DatabaseManager->connection(NULL)
#7 C:\ProgramFiles\laravelProjekt\web-engineering-fhnw-wi-2015\vendor\laravel\framework\src\Illuminate\Database\Migrations\DatabaseMigrationRepository.php(120): Illuminate\Database\Migrations\DatabaseMigrationRepository->getConnection()
#8 C:\ProgramFiles\laravelProjekt\web-engineering-fhnw-wi-2015\vendor\laravel\framework\src\Illuminate\Database\Console\Migrations\InstallCommand.php(54): Illuminate\Database\Migrations\DatabaseMigrationRepository->createRepository()
#9 [internal function]: Illuminate\Database\Console\Migrations\InstallCommand->fire()
#10 C:\ProgramFiles\laravelProjekt\web-engineering-fhnw-wi-2015\vendor\laravel\framework\src\Illuminate\Container\Container.php(503): call_user_func_array(Array, Array)
#11 C:\ProgramFiles\laravelProjekt\web-engineering-fhnw-wi-2015\vendor\laravel\framework\src\Illuminate\Console\Command.php(150): Illuminate\Container\Container->call(Array)
#12 C:\ProgramFiles\laravelProjekt\web-engineering-fhnw-wi-2015\vendor\symfony\console\Command\Command.php(259): Illuminate\Console\Command->execute(Object(Symfony\Component\Console\Input\ArgvInput), Object(Symfony\Component\Console\Output\ConsoleOutput))
#13 C:\ProgramFiles\laravelProjekt\web-engineering-fhnw-wi-2015\vendor\laravel\framework\src\Illuminate\Console\Command.php(136): Symfony\Component\Console\Command\Command->run(Object(Symfony\Component\Console\Input\ArgvInput), Object(Symfony\Component\Console\Output\ConsoleOutput))
#14 C:\ProgramFiles\laravelProjekt\web-engineering-fhnw-wi-2015\vendor\symfony\console\Application.php(878): Illuminate\Console\Command->run(Object(Symfony\Component\Console\Input\ArgvInput), Object(Symfony\Component\Console\Output\ConsoleOutput))
#15 C:\ProgramFiles\laravelProjekt\web-engineering-fhnw-wi-2015\vendor\symfony\console\Application.php(195): Symfony\Component\Console\Application->doRunCommand(Object(Illuminate\Database\Console\Migrations\InstallCommand), Object(Symfony\Component\Console\Input\ArgvInput), Object(Symfony\Component\Console\Output\ConsoleOutput))
#16 C:\ProgramFiles\laravelProjekt\web-engineering-fhnw-wi-2015\vendor\symfony\console\Application.php(126): Symfony\Component\Console\Application->doRun(Object(Symfony\Component\Console\Input\ArgvInput), Object(Symfony\Component\Console\Output\ConsoleOutput))
#17 C:\ProgramFiles\laravelProjekt\web-engineering-fhnw-wi-2015\vendor\laravel\framework\src\Illuminate\Foundation\Console\Kernel.php(107): Symfony\Component\Console\Application->run(Object(Symfony\Component\Console\Input\ArgvInput), Object(Symfony\Component\Console\Output\ConsoleOutput))
#18 C:\ProgramFiles\laravelProjekt\web-engineering-fhnw-wi-2015\artisan(36): Illuminate\Foundation\Console\Kernel->handle(Object(Symfony\Component\Console\Input\ArgvInput), Object(Symfony\Component\Console\Output\ConsoleOutput))
#19 {main}  
[2015-11-03 13:39:21] local.ERROR: exception 'PDOException' with message 'SQLSTATE[HY000] [2002] No connection could be made because the target machine actively refused it.
' in C:\ProgramFiles\laravelProjekt\web-engineering-fhnw-wi-2015\vendor\laravel\framework\src\Illuminate\Database\Connectors\Connector.php:55
Stack trace:
#0 C:\ProgramFiles\laravelProjekt\web-engineering-fhnw-wi-2015\vendor\laravel\framework\src\Illuminate\Database\Connectors\Connector.php(55): PDO->__construct('mysql:host=loca...', 'root', '', Array)
#1 C:\ProgramFiles\laravelProjekt\web-engineering-fhnw-wi-2015\vendor\laravel\framework\src\Illuminate\Database\Connectors\MySqlConnector.php(22): Illuminate\Database\Connectors\Connector->createConnection('mysql:host=loca...', Array, Array)
#2 C:\ProgramFiles\laravelProjekt\web-engineering-fhnw-wi-2015\vendor\laravel\framework\src\Illuminate\Database\Connectors\ConnectionFactory.php(60): Illuminate\Database\Connectors\MySqlConnector->connect(Array)
#3 C:\ProgramFiles\laravelProjekt\web-engineering-fhnw-wi-2015\vendor\laravel\framework\src\Illuminate\Database\Connectors\ConnectionFactory.php(49): Illuminate\Database\Connectors\ConnectionFactory->createSingleConnection(Array)
#4 C:\ProgramFiles\laravelProjekt\web-engineering-fhnw-wi-2015\vendor\laravel\framework\src\Illuminate\Database\DatabaseManager.php(175): Illuminate\Database\Connectors\ConnectionFactory->make(Array, 'mysql')
#5 C:\ProgramFiles\laravelProjekt\web-engineering-fhnw-wi-2015\vendor\laravel\framework\src\Illuminate\Database\DatabaseManager.php(67): Illuminate\Database\DatabaseManager->makeConnection('mysql')
#6 C:\ProgramFiles\laravelProjekt\web-engineering-fhnw-wi-2015\vendor\laravel\framework\src\Illuminate\Database\Migrations\DatabaseMigrationRepository.php(171): Illuminate\Database\DatabaseManager->connection(NULL)
#7 C:\ProgramFiles\laravelProjekt\web-engineering-fhnw-wi-2015\vendor\laravel\framework\src\Illuminate\Database\Migrations\DatabaseMigrationRepository.php(120): Illuminate\Database\Migrations\DatabaseMigrationRepository->getConnection()
#8 C:\ProgramFiles\laravelProjekt\web-engineering-fhnw-wi-2015\vendor\laravel\framework\src\Illuminate\Database\Console\Migrations\InstallCommand.php(54): Illuminate\Database\Migrations\DatabaseMigrationRepository->createRepository()
#9 [internal function]: Illuminate\Database\Console\Migrations\InstallCommand->fire()
#10 C:\ProgramFiles\laravelProjekt\web-engineering-fhnw-wi-2015\vendor\laravel\framework\src\Illuminate\Container\Container.php(503): call_user_func_array(Array, Array)
#11 C:\ProgramFiles\laravelProjekt\web-engineering-fhnw-wi-2015\vendor\laravel\framework\src\Illuminate\Console\Command.php(150): Illuminate\Container\Container->call(Array)
#12 C:\ProgramFiles\laravelProjekt\web-engineering-fhnw-wi-2015\vendor\symfony\console\Command\Command.php(259): Illuminate\Console\Command->execute(Object(Symfony\Component\Console\Input\ArgvInput), Object(Symfony\Component\Console\Output\ConsoleOutput))
#13 C:\ProgramFiles\laravelProjekt\web-engineering-fhnw-wi-2015\vendor\laravel\framework\src\Illuminate\Console\Command.php(136): Symfony\Component\Console\Command\Command->run(Object(Symfony\Component\Console\Input\ArgvInput), Object(Symfony\Component\Console\Output\ConsoleOutput))
#14 C:\ProgramFiles\laravelProjekt\web-engineering-fhnw-wi-2015\vendor\symfony\console\Application.php(878): Illuminate\Console\Command->run(Object(Symfony\Component\Console\Input\ArgvInput), Object(Symfony\Component\Console\Output\ConsoleOutput))
#15 C:\ProgramFiles\laravelProjekt\web-engineering-fhnw-wi-2015\vendor\symfony\console\Application.php(195): Symfony\Component\Console\Application->doRunCommand(Object(Illuminate\Database\Console\Migrations\InstallCommand), Object(Symfony\Component\Console\Input\ArgvInput), Object(Symfony\Component\Console\Output\ConsoleOutput))
#16 C:\ProgramFiles\laravelProjekt\web-engineering-fhnw-wi-2015\vendor\symfony\console\Application.php(126): Symfony\Component\Console\Application->doRun(Object(Symfony\Component\Console\Input\ArgvInput), Object(Symfony\Component\Console\Output\ConsoleOutput))
#17 C:\ProgramFiles\laravelProjekt\web-engineering-fhnw-wi-2015\vendor\laravel\framework\src\Illuminate\Foundation\Console\Kernel.php(107): Symfony\Component\Console\Application->run(Object(Symfony\Component\Console\Input\ArgvInput), Object(Symfony\Component\Console\Output\ConsoleOutput))
#18 C:\ProgramFiles\laravelProjekt\web-engineering-fhnw-wi-2015\artisan(36): Illuminate\Foundation\Console\Kernel->handle(Object(Symfony\Component\Console\Input\ArgvInput), Object(Symfony\Component\Console\Output\ConsoleOutput))
#19 {main}  
[2015-11-03 13:40:44] local.ERROR: exception 'PDOException' with message 'SQLSTATE[HY000] [2002] No connection could be made because the target machine actively refused it.
' in C:\ProgramFiles\laravelProjekt\web-engineering-fhnw-wi-2015\vendor\laravel\framework\src\Illuminate\Database\Connectors\Connector.php:55
Stack trace:
#0 C:\ProgramFiles\laravelProjekt\web-engineering-fhnw-wi-2015\vendor\laravel\framework\src\Illuminate\Database\Connectors\Connector.php(55): PDO->__construct('mysql:host=loca...', 'root', '', Array)
#1 C:\ProgramFiles\laravelProjekt\web-engineering-fhnw-wi-2015\vendor\laravel\framework\src\Illuminate\Database\Connectors\MySqlConnector.php(22): Illuminate\Database\Connectors\Connector->createConnection('mysql:host=loca...', Array, Array)
#2 C:\ProgramFiles\laravelProjekt\web-engineering-fhnw-wi-2015\vendor\laravel\framework\src\Illuminate\Database\Connectors\ConnectionFactory.php(60): Illuminate\Database\Connectors\MySqlConnector->connect(Array)
#3 C:\ProgramFiles\laravelProjekt\web-engineering-fhnw-wi-2015\vendor\laravel\framework\src\Illuminate\Database\Connectors\ConnectionFactory.php(49): Illuminate\Database\Connectors\ConnectionFactory->createSingleConnection(Array)
#4 C:\ProgramFiles\laravelProjekt\web-engineering-fhnw-wi-2015\vendor\laravel\framework\src\Illuminate\Database\DatabaseManager.php(175): Illuminate\Database\Connectors\ConnectionFactory->make(Array, 'mysql')
#5 C:\ProgramFiles\laravelProjekt\web-engineering-fhnw-wi-2015\vendor\laravel\framework\src\Illuminate\Database\DatabaseManager.php(67): Illuminate\Database\DatabaseManager->makeConnection('mysql')
#6 C:\ProgramFiles\laravelProjekt\web-engineering-fhnw-wi-2015\vendor\laravel\framework\src\Illuminate\Database\Migrations\DatabaseMigrationRepository.php(171): Illuminate\Database\DatabaseManager->connection(NULL)
#7 C:\ProgramFiles\laravelProjekt\web-engineering-fhnw-wi-2015\vendor\laravel\framework\src\Illuminate\Database\Migrations\DatabaseMigrationRepository.php(120): Illuminate\Database\Migrations\DatabaseMigrationRepository->getConnection()
#8 C:\ProgramFiles\laravelProjekt\web-engineering-fhnw-wi-2015\vendor\laravel\framework\src\Illuminate\Database\Console\Migrations\InstallCommand.php(54): Illuminate\Database\Migrations\DatabaseMigrationRepository->createRepository()
#9 [internal function]: Illuminate\Database\Console\Migrations\InstallCommand->fire()
#10 C:\ProgramFiles\laravelProjekt\web-engineering-fhnw-wi-2015\vendor\laravel\framework\src\Illuminate\Container\Container.php(503): call_user_func_array(Array, Array)
#11 C:\ProgramFiles\laravelProjekt\web-engineering-fhnw-wi-2015\vendor\laravel\framework\src\Illuminate\Console\Command.php(150): Illuminate\Container\Container->call(Array)
#12 C:\ProgramFiles\laravelProjekt\web-engineering-fhnw-wi-2015\vendor\symfony\console\Command\Command.php(259): Illuminate\Console\Command->execute(Object(Symfony\Component\Console\Input\ArgvInput), Object(Symfony\Component\Console\Output\ConsoleOutput))
#13 C:\ProgramFiles\laravelProjekt\web-engineering-fhnw-wi-2015\vendor\laravel\framework\src\Illuminate\Console\Command.php(136): Symfony\Component\Console\Command\Command->run(Object(Symfony\Component\Console\Input\ArgvInput), Object(Symfony\Component\Console\Output\ConsoleOutput))
#14 C:\ProgramFiles\laravelProjekt\web-engineering-fhnw-wi-2015\vendor\symfony\console\Application.php(878): Illuminate\Console\Command->run(Object(Symfony\Component\Console\Input\ArgvInput), Object(Symfony\Component\Console\Output\ConsoleOutput))
#15 C:\ProgramFiles\laravelProjekt\web-engineering-fhnw-wi-2015\vendor\symfony\console\Application.php(195): Symfony\Component\Console\Application->doRunCommand(Object(Illuminate\Database\Console\Migrations\InstallCommand), Object(Symfony\Component\Console\Input\ArgvInput), Object(Symfony\Component\Console\Output\ConsoleOutput))
#16 C:\ProgramFiles\laravelProjekt\web-engineering-fhnw-wi-2015\vendor\symfony\console\Application.php(126): Symfony\Component\Console\Application->doRun(Object(Symfony\Component\Console\Input\ArgvInput), Object(Symfony\Component\Console\Output\ConsoleOutput))
#17 C:\ProgramFiles\laravelProjekt\web-engineering-fhnw-wi-2015\vendor\laravel\framework\src\Illuminate\Foundation\Console\Kernel.php(107): Symfony\Component\Console\Application->run(Object(Symfony\Component\Console\Input\ArgvInput), Object(Symfony\Component\Console\Output\ConsoleOutput))
#18 C:\ProgramFiles\laravelProjekt\web-engineering-fhnw-wi-2015\artisan(36): Illuminate\Foundation\Console\Kernel->handle(Object(Symfony\Component\Console\Input\ArgvInput), Object(Symfony\Component\Console\Output\ConsoleOutput))
#19 {main}  
[2015-11-03 13:43:59] local.ERROR: exception 'PDOException' with message 'SQLSTATE[HY000] [2002] No connection could be made because the target machine actively refused it.
' in C:\ProgramFiles\laravelProjekt\web-engineering-fhnw-wi-2015\vendor\laravel\framework\src\Illuminate\Database\Connectors\Connector.php:55
Stack trace:
#0 C:\ProgramFiles\laravelProjekt\web-engineering-fhnw-wi-2015\vendor\laravel\framework\src\Illuminate\Database\Connectors\Connector.php(55): PDO->__construct('mysql:host=loca...', 'root', 'root', Array)
#1 C:\ProgramFiles\laravelProjekt\web-engineering-fhnw-wi-2015\vendor\laravel\framework\src\Illuminate\Database\Connectors\MySqlConnector.php(22): Illuminate\Database\Connectors\Connector->createConnection('mysql:host=loca...', Array, Array)
#2 C:\ProgramFiles\laravelProjekt\web-engineering-fhnw-wi-2015\vendor\laravel\framework\src\Illuminate\Database\Connectors\ConnectionFactory.php(60): Illuminate\Database\Connectors\MySqlConnector->connect(Array)
#3 C:\ProgramFiles\laravelProjekt\web-engineering-fhnw-wi-2015\vendor\laravel\framework\src\Illuminate\Database\Connectors\ConnectionFactory.php(49): Illuminate\Database\Connectors\ConnectionFactory->createSingleConnection(Array)
#4 C:\ProgramFiles\laravelProjekt\web-engineering-fhnw-wi-2015\vendor\laravel\framework\src\Illuminate\Database\DatabaseManager.php(175): Illuminate\Database\Connectors\ConnectionFactory->make(Array, 'mysql')
#5 C:\ProgramFiles\laravelProjekt\web-engineering-fhnw-wi-2015\vendor\laravel\framework\src\Illuminate\Database\DatabaseManager.php(67): Illuminate\Database\DatabaseManager->makeConnection('mysql')
#6 C:\ProgramFiles\laravelProjekt\web-engineering-fhnw-wi-2015\vendor\laravel\framework\src\Illuminate\Database\Migrations\DatabaseMigrationRepository.php(171): Illuminate\Database\DatabaseManager->connection(NULL)
#7 C:\ProgramFiles\laravelProjekt\web-engineering-fhnw-wi-2015\vendor\laravel\framework\src\Illuminate\Database\Migrations\DatabaseMigrationRepository.php(120): Illuminate\Database\Migrations\DatabaseMigrationRepository->getConnection()
#8 C:\ProgramFiles\laravelProjekt\web-engineering-fhnw-wi-2015\vendor\laravel\framework\src\Illuminate\Database\Console\Migrations\InstallCommand.php(54): Illuminate\Database\Migrations\DatabaseMigrationRepository->createRepository()
#9 [internal function]: Illuminate\Database\Console\Migrations\InstallCommand->fire()
#10 C:\ProgramFiles\laravelProjekt\web-engineering-fhnw-wi-2015\vendor\laravel\framework\src\Illuminate\Container\Container.php(503): call_user_func_array(Array, Array)
#11 C:\ProgramFiles\laravelProjekt\web-engineering-fhnw-wi-2015\vendor\laravel\framework\src\Illuminate\Console\Command.php(150): Illuminate\Container\Container->call(Array)
#12 C:\ProgramFiles\laravelProjekt\web-engineering-fhnw-wi-2015\vendor\symfony\console\Command\Command.php(259): Illuminate\Console\Command->execute(Object(Symfony\Component\Console\Input\ArgvInput), Object(Symfony\Component\Console\Output\ConsoleOutput))
#13 C:\ProgramFiles\laravelProjekt\web-engineering-fhnw-wi-2015\vendor\laravel\framework\src\Illuminate\Console\Command.php(136): Symfony\Component\Console\Command\Command->run(Object(Symfony\Component\Console\Input\ArgvInput), Object(Symfony\Component\Console\Output\ConsoleOutput))
#14 C:\ProgramFiles\laravelProjekt\web-engineering-fhnw-wi-2015\vendor\symfony\console\Application.php(878): Illuminate\Console\Command->run(Object(Symfony\Component\Console\Input\ArgvInput), Object(Symfony\Component\Console\Output\ConsoleOutput))
#15 C:\ProgramFiles\laravelProjekt\web-engineering-fhnw-wi-2015\vendor\symfony\console\Application.php(195): Symfony\Component\Console\Application->doRunCommand(Object(Illuminate\Database\Console\Migrations\InstallCommand), Object(Symfony\Component\Console\Input\ArgvInput), Object(Symfony\Component\Console\Output\ConsoleOutput))
#16 C:\ProgramFiles\laravelProjekt\web-engineering-fhnw-wi-2015\vendor\symfony\console\Application.php(126): Symfony\Component\Console\Application->doRun(Object(Symfony\Component\Console\Input\ArgvInput), Object(Symfony\Component\Console\Output\ConsoleOutput))
#17 C:\ProgramFiles\laravelProjekt\web-engineering-fhnw-wi-2015\vendor\laravel\framework\src\Illuminate\Foundation\Console\Kernel.php(107): Symfony\Component\Console\Application->run(Object(Symfony\Component\Console\Input\ArgvInput), Object(Symfony\Component\Console\Output\ConsoleOutput))
#18 C:\ProgramFiles\laravelProjekt\web-engineering-fhnw-wi-2015\artisan(36): Illuminate\Foundation\Console\Kernel->handle(Object(Symfony\Component\Console\Input\ArgvInput), Object(Symfony\Component\Console\Output\ConsoleOutput))
#19 {main}  
[2015-11-03 13:44:10] local.ERROR: exception 'PDOException' with message 'SQLSTATE[HY000] [2002] No connection could be made because the target machine actively refused it.
' in C:\ProgramFiles\laravelProjekt\web-engineering-fhnw-wi-2015\vendor\laravel\framework\src\Illuminate\Database\Connectors\Connector.php:55
Stack trace:
#0 C:\ProgramFiles\laravelProjekt\web-engineering-fhnw-wi-2015\vendor\laravel\framework\src\Illuminate\Database\Connectors\Connector.php(55): PDO->__construct('mysql:host=loca...', 'root', '', Array)
#1 C:\ProgramFiles\laravelProjekt\web-engineering-fhnw-wi-2015\vendor\laravel\framework\src\Illuminate\Database\Connectors\MySqlConnector.php(22): Illuminate\Database\Connectors\Connector->createConnection('mysql:host=loca...', Array, Array)
#2 C:\ProgramFiles\laravelProjekt\web-engineering-fhnw-wi-2015\vendor\laravel\framework\src\Illuminate\Database\Connectors\ConnectionFactory.php(60): Illuminate\Database\Connectors\MySqlConnector->connect(Array)
#3 C:\ProgramFiles\laravelProjekt\web-engineering-fhnw-wi-2015\vendor\laravel\framework\src\Illuminate\Database\Connectors\ConnectionFactory.php(49): Illuminate\Database\Connectors\ConnectionFactory->createSingleConnection(Array)
#4 C:\ProgramFiles\laravelProjekt\web-engineering-fhnw-wi-2015\vendor\laravel\framework\src\Illuminate\Database\DatabaseManager.php(175): Illuminate\Database\Connectors\ConnectionFactory->make(Array, 'mysql')
#5 C:\ProgramFiles\laravelProjekt\web-engineering-fhnw-wi-2015\vendor\laravel\framework\src\Illuminate\Database\DatabaseManager.php(67): Illuminate\Database\DatabaseManager->makeConnection('mysql')
#6 C:\ProgramFiles\laravelProjekt\web-engineering-fhnw-wi-2015\vendor\laravel\framework\src\Illuminate\Database\Migrations\DatabaseMigrationRepository.php(171): Illuminate\Database\DatabaseManager->connection(NULL)
#7 C:\ProgramFiles\laravelProjekt\web-engineering-fhnw-wi-2015\vendor\laravel\framework\src\Illuminate\Database\Migrations\DatabaseMigrationRepository.php(120): Illuminate\Database\Migrations\DatabaseMigrationRepository->getConnection()
#8 C:\ProgramFiles\laravelProjekt\web-engineering-fhnw-wi-2015\vendor\laravel\framework\src\Illuminate\Database\Console\Migrations\InstallCommand.php(54): Illuminate\Database\Migrations\DatabaseMigrationRepository->createRepository()
#9 [internal function]: Illuminate\Database\Console\Migrations\InstallCommand->fire()
#10 C:\ProgramFiles\laravelProjekt\web-engineering-fhnw-wi-2015\vendor\laravel\framework\src\Illuminate\Container\Container.php(503): call_user_func_array(Array, Array)
#11 C:\ProgramFiles\laravelProjekt\web-engineering-fhnw-wi-2015\vendor\laravel\framework\src\Illuminate\Console\Command.php(150): Illuminate\Container\Container->call(Array)
#12 C:\ProgramFiles\laravelProjekt\web-engineering-fhnw-wi-2015\vendor\symfony\console\Command\Command.php(259): Illuminate\Console\Command->execute(Object(Symfony\Component\Console\Input\ArgvInput), Object(Symfony\Component\Console\Output\ConsoleOutput))
#13 C:\ProgramFiles\laravelProjekt\web-engineering-fhnw-wi-2015\vendor\laravel\framework\src\Illuminate\Console\Command.php(136): Symfony\Component\Console\Command\Command->run(Object(Symfony\Component\Console\Input\ArgvInput), Object(Symfony\Component\Console\Output\ConsoleOutput))
#14 C:\ProgramFiles\laravelProjekt\web-engineering-fhnw-wi-2015\vendor\symfony\console\Application.php(878): Illuminate\Console\Command->run(Object(Symfony\Component\Console\Input\ArgvInput), Object(Symfony\Component\Console\Output\ConsoleOutput))
#15 C:\ProgramFiles\laravelProjekt\web-engineering-fhnw-wi-2015\vendor\symfony\console\Application.php(195): Symfony\Component\Console\Application->doRunCommand(Object(Illuminate\Database\Console\Migrations\InstallCommand), Object(Symfony\Component\Console\Input\ArgvInput), Object(Symfony\Component\Console\Output\ConsoleOutput))
#16 C:\ProgramFiles\laravelProjekt\web-engineering-fhnw-wi-2015\vendor\symfony\console\Application.php(126): Symfony\Component\Console\Application->doRun(Object(Symfony\Component\Console\Input\ArgvInput), Object(Symfony\Component\Console\Output\ConsoleOutput))
#17 C:\ProgramFiles\laravelProjekt\web-engineering-fhnw-wi-2015\vendor\laravel\framework\src\Illuminate\Foundation\Console\Kernel.php(107): Symfony\Component\Console\Application->run(Object(Symfony\Component\Console\Input\ArgvInput), Object(Symfony\Component\Console\Output\ConsoleOutput))
#18 C:\ProgramFiles\laravelProjekt\web-engineering-fhnw-wi-2015\artisan(36): Illuminate\Foundation\Console\Kernel->handle(Object(Symfony\Component\Console\Input\ArgvInput), Object(Symfony\Component\Console\Output\ConsoleOutput))
#19 {main}  
[2015-11-03 13:45:31] local.ERROR: exception 'PDOException' with message 'SQLSTATE[HY000] [2002] No connection could be made because the target machine actively refused it.
' in C:\ProgramFiles\laravelProjekt\web-engineering-fhnw-wi-2015\vendor\laravel\framework\src\Illuminate\Database\Connectors\Connector.php:55
Stack trace:
#0 C:\ProgramFiles\laravelProjekt\web-engineering-fhnw-wi-2015\vendor\laravel\framework\src\Illuminate\Database\Connectors\Connector.php(55): PDO->__construct('mysql:host=loca...', 'root', 'root', Array)
#1 C:\ProgramFiles\laravelProjekt\web-engineering-fhnw-wi-2015\vendor\laravel\framework\src\Illuminate\Database\Connectors\MySqlConnector.php(22): Illuminate\Database\Connectors\Connector->createConnection('mysql:host=loca...', Array, Array)
#2 C:\ProgramFiles\laravelProjekt\web-engineering-fhnw-wi-2015\vendor\laravel\framework\src\Illuminate\Database\Connectors\ConnectionFactory.php(60): Illuminate\Database\Connectors\MySqlConnector->connect(Array)
#3 C:\ProgramFiles\laravelProjekt\web-engineering-fhnw-wi-2015\vendor\laravel\framework\src\Illuminate\Database\Connectors\ConnectionFactory.php(49): Illuminate\Database\Connectors\ConnectionFactory->createSingleConnection(Array)
#4 C:\ProgramFiles\laravelProjekt\web-engineering-fhnw-wi-2015\vendor\laravel\framework\src\Illuminate\Database\DatabaseManager.php(175): Illuminate\Database\Connectors\ConnectionFactory->make(Array, 'mysql')
#5 C:\ProgramFiles\laravelProjekt\web-engineering-fhnw-wi-2015\vendor\laravel\framework\src\Illuminate\Database\DatabaseManager.php(67): Illuminate\Database\DatabaseManager->makeConnection('mysql')
#6 C:\ProgramFiles\laravelProjekt\web-engineering-fhnw-wi-2015\vendor\laravel\framework\src\Illuminate\Database\Migrations\DatabaseMigrationRepository.php(171): Illuminate\Database\DatabaseManager->connection(NULL)
#7 C:\ProgramFiles\laravelProjekt\web-engineering-fhnw-wi-2015\vendor\laravel\framework\src\Illuminate\Database\Migrations\DatabaseMigrationRepository.php(120): Illuminate\Database\Migrations\DatabaseMigrationRepository->getConnection()
#8 C:\ProgramFiles\laravelProjekt\web-engineering-fhnw-wi-2015\vendor\laravel\framework\src\Illuminate\Database\Console\Migrations\InstallCommand.php(54): Illuminate\Database\Migrations\DatabaseMigrationRepository->createRepository()
#9 [internal function]: Illuminate\Database\Console\Migrations\InstallCommand->fire()
#10 C:\ProgramFiles\laravelProjekt\web-engineering-fhnw-wi-2015\vendor\laravel\framework\src\Illuminate\Container\Container.php(503): call_user_func_array(Array, Array)
#11 C:\ProgramFiles\laravelProjekt\web-engineering-fhnw-wi-2015\vendor\laravel\framework\src\Illuminate\Console\Command.php(150): Illuminate\Container\Container->call(Array)
#12 C:\ProgramFiles\laravelProjekt\web-engineering-fhnw-wi-2015\vendor\symfony\console\Command\Command.php(259): Illuminate\Console\Command->execute(Object(Symfony\Component\Console\Input\ArgvInput), Object(Symfony\Component\Console\Output\ConsoleOutput))
#13 C:\ProgramFiles\laravelProjekt\web-engineering-fhnw-wi-2015\vendor\laravel\framework\src\Illuminate\Console\Command.php(136): Symfony\Component\Console\Command\Command->run(Object(Symfony\Component\Console\Input\ArgvInput), Object(Symfony\Component\Console\Output\ConsoleOutput))
#14 C:\ProgramFiles\laravelProjekt\web-engineering-fhnw-wi-2015\vendor\symfony\console\Application.php(878): Illuminate\Console\Command->run(Object(Symfony\Component\Console\Input\ArgvInput), Object(Symfony\Component\Console\Output\ConsoleOutput))
#15 C:\ProgramFiles\laravelProjekt\web-engineering-fhnw-wi-2015\vendor\symfony\console\Application.php(195): Symfony\Component\Console\Application->doRunCommand(Object(Illuminate\Database\Console\Migrations\InstallCommand), Object(Symfony\Component\Console\Input\ArgvInput), Object(Symfony\Component\Console\Output\ConsoleOutput))
#16 C:\ProgramFiles\laravelProjekt\web-engineering-fhnw-wi-2015\vendor\symfony\console\Application.php(126): Symfony\Component\Console\Application->doRun(Object(Symfony\Component\Console\Input\ArgvInput), Object(Symfony\Component\Console\Output\ConsoleOutput))
#17 C:\ProgramFiles\laravelProjekt\web-engineering-fhnw-wi-2015\vendor\laravel\framework\src\Illuminate\Foundation\Console\Kernel.php(107): Symfony\Component\Console\Application->run(Object(Symfony\Component\Console\Input\ArgvInput), Object(Symfony\Component\Console\Output\ConsoleOutput))
#18 C:\ProgramFiles\laravelProjekt\web-engineering-fhnw-wi-2015\artisan(36): Illuminate\Foundation\Console\Kernel->handle(Object(Symfony\Component\Console\Input\ArgvInput), Object(Symfony\Component\Console\Output\ConsoleOutput))
#19 {main}  
[2015-11-09 16:05:42] local.ERROR: exception 'InvalidArgumentException' with message 'View [layouts.master] not found.' in C:\ProgramFiles\laravelProjekt\web-engineering-fhnw-wi-2015\vendor\laravel\framework\src\Illuminate\View\FileViewFinder.php:137
Stack trace:
#0 C:\ProgramFiles\laravelProjekt\web-engineering-fhnw-wi-2015\vendor\laravel\framework\src\Illuminate\View\FileViewFinder.php(79): Illuminate\View\FileViewFinder->findInPaths('layouts.master', Array)
#1 C:\ProgramFiles\laravelProjekt\web-engineering-fhnw-wi-2015\vendor\laravel\framework\src\Illuminate\View\Factory.php(151): Illuminate\View\FileViewFinder->find('layouts.master')
#2 C:\ProgramFiles\laravelProjekt\web-engineering-fhnw-wi-2015\storage\framework\views\c9f3c49680768a41afb671b85e189b32(73): Illuminate\View\Factory->make('layouts.master', Array)
#3 C:\ProgramFiles\laravelProjekt\web-engineering-fhnw-wi-2015\vendor\laravel\framework\src\Illuminate\View\Engines\PhpEngine.php(42): include('C:\\ProgramFiles...')
#4 C:\ProgramFiles\laravelProjekt\web-engineering-fhnw-wi-2015\vendor\laravel\framework\src\Illuminate\View\Engines\CompilerEngine.php(58): Illuminate\View\Engines\PhpEngine->evaluatePath('C:\\ProgramFiles...', Array)
#5 C:\ProgramFiles\laravelProjekt\web-engineering-fhnw-wi-2015\vendor\laravel\framework\src\Illuminate\View\View.php(135): Illuminate\View\Engines\CompilerEngine->get('C:\\ProgramFiles...', Array)
#6 C:\ProgramFiles\laravelProjekt\web-engineering-fhnw-wi-2015\vendor\laravel\framework\src\Illuminate\View\View.php(106): Illuminate\View\View->getContents()
#7 C:\ProgramFiles\laravelProjekt\web-engineering-fhnw-wi-2015\vendor\laravel\framework\src\Illuminate\View\View.php(80): Illuminate\View\View->renderContents()
#8 C:\ProgramFiles\laravelProjekt\web-engineering-fhnw-wi-2015\vendor\laravel\framework\src\Illuminate\Http\Response.php(51): Illuminate\View\View->render()
#9 C:\ProgramFiles\laravelProjekt\web-engineering-fhnw-wi-2015\vendor\symfony\http-foundation\Response.php(202): Illuminate\Http\Response->setContent(Object(Illuminate\View\View))
#10 C:\ProgramFiles\laravelProjekt\web-engineering-fhnw-wi-2015\vendor\laravel\framework\src\Illuminate\Routing\Router.php(1225): Symfony\Component\HttpFoundation\Response->__construct(Object(Illuminate\View\View))
#11 C:\ProgramFiles\laravelProjekt\web-engineering-fhnw-wi-2015\vendor\laravel\framework\src\Illuminate\Routing\ControllerDispatcher.php(113): Illuminate\Routing\Router->prepareResponse(Object(Illuminate\Http\Request), Object(Illuminate\View\View))
#12 [internal function]: Illuminate\Routing\ControllerDispatcher->Illuminate\Routing\{closure}(Object(Illuminate\Http\Request))
#13 C:\ProgramFiles\laravelProjekt\web-engineering-fhnw-wi-2015\vendor\laravel\framework\src\Illuminate\Pipeline\Pipeline.php(139): call_user_func(Object(Closure), Object(Illuminate\Http\Request))
#14 C:\ProgramFiles\laravelProjekt\web-engineering-fhnw-wi-2015\app\Http\Middleware\RedirectIfAuthenticated.php(41): Illuminate\Pipeline\Pipeline->Illuminate\Pipeline\{closure}(Object(Illuminate\Http\Request))
#15 [internal function]: App\Http\Middleware\RedirectIfAuthenticated->handle(Object(Illuminate\Http\Request), Object(Closure))
#16 C:\ProgramFiles\laravelProjekt\web-engineering-fhnw-wi-2015\vendor\laravel\framework\src\Illuminate\Pipeline\Pipeline.php(124): call_user_func_array(Array, Array)
#17 [internal function]: Illuminate\Pipeline\Pipeline->Illuminate\Pipeline\{closure}(Object(Illuminate\Http\Request))
#18 C:\ProgramFiles\laravelProjekt\web-engineering-fhnw-wi-2015\vendor\laravel\framework\src\Illuminate\Pipeline\Pipeline.php(103): call_user_func(Object(Closure), Object(Illuminate\Http\Request))
#19 C:\ProgramFiles\laravelProjekt\web-engineering-fhnw-wi-2015\vendor\laravel\framework\src\Illuminate\Routing\ControllerDispatcher.php(114): Illuminate\Pipeline\Pipeline->then(Object(Closure))
#20 C:\ProgramFiles\laravelProjekt\web-engineering-fhnw-wi-2015\vendor\laravel\framework\src\Illuminate\Routing\ControllerDispatcher.php(69): Illuminate\Routing\ControllerDispatcher->callWithinStack(Object(App\Http\Controllers\Auth\AuthController), Object(Illuminate\Routing\Route), Object(Illuminate\Http\Request), 'getRegister')
#21 C:\ProgramFiles\laravelProjekt\web-engineering-fhnw-wi-2015\vendor\laravel\framework\src\Illuminate\Routing\Route.php(203): Illuminate\Routing\ControllerDispatcher->dispatch(Object(Illuminate\Routing\Route), Object(Illuminate\Http\Request), 'App\\Http\\Contro...', 'getRegister')
#22 C:\ProgramFiles\laravelProjekt\web-engineering-fhnw-wi-2015\vendor\laravel\framework\src\Illuminate\Routing\Route.php(134): Illuminate\Routing\Route->runWithCustomDispatcher(Object(Illuminate\Http\Request))
#23 C:\ProgramFiles\laravelProjekt\web-engineering-fhnw-wi-2015\vendor\laravel\framework\src\Illuminate\Routing\Router.php(704): Illuminate\Routing\Route->run(Object(Illuminate\Http\Request))
#24 [internal function]: Illuminate\Routing\Router->Illuminate\Routing\{closure}(Object(Illuminate\Http\Request))
#25 C:\ProgramFiles\laravelProjekt\web-engineering-fhnw-wi-2015\vendor\laravel\framework\src\Illuminate\Pipeline\Pipeline.php(139): call_user_func(Object(Closure), Object(Illuminate\Http\Request))
#26 [internal function]: Illuminate\Pipeline\Pipeline->Illuminate\Pipeline\{closure}(Object(Illuminate\Http\Request))
#27 C:\ProgramFiles\laravelProjekt\web-engineering-fhnw-wi-2015\vendor\laravel\framework\src\Illuminate\Pipeline\Pipeline.php(103): call_user_func(Object(Closure), Object(Illuminate\Http\Request))
#28 C:\ProgramFiles\laravelProjekt\web-engineering-fhnw-wi-2015\vendor\laravel\framework\src\Illuminate\Routing\Router.php(706): Illuminate\Pipeline\Pipeline->then(Object(Closure))
#29 C:\ProgramFiles\laravelProjekt\web-engineering-fhnw-wi-2015\vendor\laravel\framework\src\Illuminate\Routing\Router.php(671): Illuminate\Routing\Router->runRouteWithinStack(Object(Illuminate\Routing\Route), Object(Illuminate\Http\Request))
#30 C:\ProgramFiles\laravelProjekt\web-engineering-fhnw-wi-2015\vendor\laravel\framework\src\Illuminate\Routing\Router.php(631): Illuminate\Routing\Router->dispatchToRoute(Object(Illuminate\Http\Request))
#31 C:\ProgramFiles\laravelProjekt\web-engineering-fhnw-wi-2015\vendor\laravel\framework\src\Illuminate\Foundation\Http\Kernel.php(236): Illuminate\Routing\Router->dispatch(Object(Illuminate\Http\Request))
#32 [internal function]: Illuminate\Foundation\Http\Kernel->Illuminate\Foundation\Http\{closure}(Object(Illuminate\Http\Request))
#33 C:\ProgramFiles\laravelProjekt\web-engineering-fhnw-wi-2015\vendor\laravel\framework\src\Illuminate\Pipeline\Pipeline.php(139): call_user_func(Object(Closure), Object(Illuminate\Http\Request))
#34 C:\ProgramFiles\laravelProjekt\web-engineering-fhnw-wi-2015\vendor\laravel\framework\src\Illuminate\Foundation\Http\Middleware\VerifyCsrfToken.php(50): Illuminate\Pipeline\Pipeline->Illuminate\Pipeline\{closure}(Object(Illuminate\Http\Request))
#35 [internal function]: Illuminate\Foundation\Http\Middleware\VerifyCsrfToken->handle(Object(Illuminate\Http\Request), Object(Closure))
#36 C:\ProgramFiles\laravelProjekt\web-engineering-fhnw-wi-2015\vendor\laravel\framework\src\Illuminate\Pipeline\Pipeline.php(124): call_user_func_array(Array, Array)
#37 C:\ProgramFiles\laravelProjekt\web-engineering-fhnw-wi-2015\vendor\laravel\framework\src\Illuminate\View\Middleware\ShareErrorsFromSession.php(49): Illuminate\Pipeline\Pipeline->Illuminate\Pipeline\{closure}(Object(Illuminate\Http\Request))
#38 [internal function]: Illuminate\View\Middleware\ShareErrorsFromSession->handle(Object(Illuminate\Http\Request), Object(Closure))
#39 C:\ProgramFiles\laravelProjekt\web-engineering-fhnw-wi-2015\vendor\laravel\framework\src\Illuminate\Pipeline\Pipeline.php(124): call_user_func_array(Array, Array)
#40 C:\ProgramFiles\laravelProjekt\web-engineering-fhnw-wi-2015\vendor\laravel\framework\src\Illuminate\Session\Middleware\StartSession.php(62): Illuminate\Pipeline\Pipeline->Illuminate\Pipeline\{closure}(Object(Illuminate\Http\Request))
#41 [internal function]: Illuminate\Session\Middleware\StartSession->handle(Object(Illuminate\Http\Request), Object(Closure))
#42 C:\ProgramFiles\laravelProjekt\web-engineering-fhnw-wi-2015\vendor\laravel\framework\src\Illuminate\Pipeline\Pipeline.php(124): call_user_func_array(Array, Array)
#43 C:\ProgramFiles\laravelProjekt\web-engineering-fhnw-wi-2015\vendor\laravel\framework\src\Illuminate\Cookie\Middleware\AddQueuedCookiesToResponse.php(37): Illuminate\Pipeline\Pipeline->Illuminate\Pipeline\{closure}(Object(Illuminate\Http\Request))
#44 [internal function]: Illuminate\Cookie\Middleware\AddQueuedCookiesToResponse->handle(Object(Illuminate\Http\Request), Object(Closure))
#45 C:\ProgramFiles\laravelProjekt\web-engineering-fhnw-wi-2015\vendor\laravel\framework\src\Illuminate\Pipeline\Pipeline.php(124): call_user_func_array(Array, Array)
#46 C:\ProgramFiles\laravelProjekt\web-engineering-fhnw-wi-2015\vendor\laravel\framework\src\Illuminate\Cookie\Middleware\EncryptCookies.php(59): Illuminate\Pipeline\Pipeline->Illuminate\Pipeline\{closure}(Object(Illuminate\Http\Request))
#47 [internal function]: Illuminate\Cookie\Middleware\EncryptCookies->handle(Object(Illuminate\Http\Request), Object(Closure))
#48 C:\ProgramFiles\laravelProjekt\web-engineering-fhnw-wi-2015\vendor\laravel\framework\src\Illuminate\Pipeline\Pipeline.php(124): call_user_func_array(Array, Array)
#49 C:\ProgramFiles\laravelProjekt\web-engineering-fhnw-wi-2015\vendor\laravel\framework\src\Illuminate\Foundation\Http\Middleware\CheckForMaintenanceMode.php(42): Illuminate\Pipeline\Pipeline->Illuminate\Pipeline\{closure}(Object(Illuminate\Http\Request))
#50 [internal function]: Illuminate\Foundation\Http\Middleware\CheckForMaintenanceMode->handle(Object(Illuminate\Http\Request), Object(Closure))
#51 C:\ProgramFiles\laravelProjekt\web-engineering-fhnw-wi-2015\vendor\laravel\framework\src\Illuminate\Pipeline\Pipeline.php(124): call_user_func_array(Array, Array)
#52 [internal function]: Illuminate\Pipeline\Pipeline->Illuminate\Pipeline\{closure}(Object(Illuminate\Http\Request))
#53 C:\ProgramFiles\laravelProjekt\web-engineering-fhnw-wi-2015\vendor\laravel\framework\src\Illuminate\Pipeline\Pipeline.php(103): call_user_func(Object(Closure), Object(Illuminate\Http\Request))
#54 C:\ProgramFiles\laravelProjekt\web-engineering-fhnw-wi-2015\vendor\laravel\framework\src\Illuminate\Foundation\Http\Kernel.php(122): Illuminate\Pipeline\Pipeline->then(Object(Closure))
#55 C:\ProgramFiles\laravelProjekt\web-engineering-fhnw-wi-2015\vendor\laravel\framework\src\Illuminate\Foundation\Http\Kernel.php(87): Illuminate\Foundation\Http\Kernel->sendRequestThroughRouter(Object(Illuminate\Http\Request))
#56 C:\ProgramFiles\laravelProjekt\web-engineering-fhnw-wi-2015\public\index.php(54): Illuminate\Foundation\Http\Kernel->handle(Object(Illuminate\Http\Request))
#57 {main}

Next exception 'ErrorException' with message 'View [layouts.master] not found. (View: C:\ProgramFiles\laravelProjekt\web-engineering-fhnw-wi-2015\resources\views\auth\register.blade.php)' in C:\ProgramFiles\laravelProjekt\web-engineering-fhnw-wi-2015\vendor\laravel\framework\src\Illuminate\View\FileViewFinder.php:137
Stack trace:
#0 C:\ProgramFiles\laravelProjekt\web-engineering-fhnw-wi-2015\vendor\laravel\framework\src\Illuminate\View\Engines\PhpEngine.php(44): Illuminate\View\Engines\CompilerEngine->handleViewException(Object(InvalidArgumentException), 1)
#1 C:\ProgramFiles\laravelProjekt\web-engineering-fhnw-wi-2015\vendor\laravel\framework\src\Illuminate\View\Engines\CompilerEngine.php(58): Illuminate\View\Engines\PhpEngine->evaluatePath('C:\\ProgramFiles...', Array)
#2 C:\ProgramFiles\laravelProjekt\web-engineering-fhnw-wi-2015\vendor\laravel\framework\src\Illuminate\View\View.php(135): Illuminate\View\Engines\CompilerEngine->get('C:\\ProgramFiles...', Array)
#3 C:\ProgramFiles\laravelProjekt\web-engineering-fhnw-wi-2015\vendor\laravel\framework\src\Illuminate\View\View.php(106): Illuminate\View\View->getContents()
#4 C:\ProgramFiles\laravelProjekt\web-engineering-fhnw-wi-2015\vendor\laravel\framework\src\Illuminate\View\View.php(80): Illuminate\View\View->renderContents()
#5 C:\ProgramFiles\laravelProjekt\web-engineering-fhnw-wi-2015\vendor\laravel\framework\src\Illuminate\Http\Response.php(51): Illuminate\View\View->render()
#6 C:\ProgramFiles\laravelProjekt\web-engineering-fhnw-wi-2015\vendor\symfony\http-foundation\Response.php(202): Illuminate\Http\Response->setContent(Object(Illuminate\View\View))
#7 C:\ProgramFiles\laravelProjekt\web-engineering-fhnw-wi-2015\vendor\laravel\framework\src\Illuminate\Routing\Router.php(1225): Symfony\Component\HttpFoundation\Response->__construct(Object(Illuminate\View\View))
#8 C:\ProgramFiles\laravelProjekt\web-engineering-fhnw-wi-2015\vendor\laravel\framework\src\Illuminate\Routing\ControllerDispatcher.php(113): Illuminate\Routing\Router->prepareResponse(Object(Illuminate\Http\Request), Object(Illuminate\View\View))
#9 [internal function]: Illuminate\Routing\ControllerDispatcher->Illuminate\Routing\{closure}(Object(Illuminate\Http\Request))
#10 C:\ProgramFiles\laravelProjekt\web-engineering-fhnw-wi-2015\vendor\laravel\framework\src\Illuminate\Pipeline\Pipeline.php(139): call_user_func(Object(Closure), Object(Illuminate\Http\Request))
#11 C:\ProgramFiles\laravelProjekt\web-engineering-fhnw-wi-2015\app\Http\Middleware\RedirectIfAuthenticated.php(41): Illuminate\Pipeline\Pipeline->Illuminate\Pipeline\{closure}(Object(Illuminate\Http\Request))
#12 [internal function]: App\Http\Middleware\RedirectIfAuthenticated->handle(Object(Illuminate\Http\Request), Object(Closure))
#13 C:\ProgramFiles\laravelProjekt\web-engineering-fhnw-wi-2015\vendor\laravel\framework\src\Illuminate\Pipeline\Pipeline.php(124): call_user_func_array(Array, Array)
#14 [internal function]: Illuminate\Pipeline\Pipeline->Illuminate\Pipeline\{closure}(Object(Illuminate\Http\Request))
#15 C:\ProgramFiles\laravelProjekt\web-engineering-fhnw-wi-2015\vendor\laravel\framework\src\Illuminate\Pipeline\Pipeline.php(103): call_user_func(Object(Closure), Object(Illuminate\Http\Request))
#16 C:\ProgramFiles\laravelProjekt\web-engineering-fhnw-wi-2015\vendor\laravel\framework\src\Illuminate\Routing\ControllerDispatcher.php(114): Illuminate\Pipeline\Pipeline->then(Object(Closure))
#17 C:\ProgramFiles\laravelProjekt\web-engineering-fhnw-wi-2015\vendor\laravel\framework\src\Illuminate\Routing\ControllerDispatcher.php(69): Illuminate\Routing\ControllerDispatcher->callWithinStack(Object(App\Http\Controllers\Auth\AuthController), Object(Illuminate\Routing\Route), Object(Illuminate\Http\Request), 'getRegister')
#18 C:\ProgramFiles\laravelProjekt\web-engineering-fhnw-wi-2015\vendor\laravel\framework\src\Illuminate\Routing\Route.php(203): Illuminate\Routing\ControllerDispatcher->dispatch(Object(Illuminate\Routing\Route), Object(Illuminate\Http\Request), 'App\\Http\\Contro...', 'getRegister')
#19 C:\ProgramFiles\laravelProjekt\web-engineering-fhnw-wi-2015\vendor\laravel\framework\src\Illuminate\Routing\Route.php(134): Illuminate\Routing\Route->runWithCustomDispatcher(Object(Illuminate\Http\Request))
#20 C:\ProgramFiles\laravelProjekt\web-engineering-fhnw-wi-2015\vendor\laravel\framework\src\Illuminate\Routing\Router.php(704): Illuminate\Routing\Route->run(Object(Illuminate\Http\Request))
#21 [internal function]: Illuminate\Routing\Router->Illuminate\Routing\{closure}(Object(Illuminate\Http\Request))
#22 C:\ProgramFiles\laravelProjekt\web-engineering-fhnw-wi-2015\vendor\laravel\framework\src\Illuminate\Pipeline\Pipeline.php(139): call_user_func(Object(Closure), Object(Illuminate\Http\Request))
#23 [internal function]: Illuminate\Pipeline\Pipeline->Illuminate\Pipeline\{closure}(Object(Illuminate\Http\Request))
#24 C:\ProgramFiles\laravelProjekt\web-engineering-fhnw-wi-2015\vendor\laravel\framework\src\Illuminate\Pipeline\Pipeline.php(103): call_user_func(Object(Closure), Object(Illuminate\Http\Request))
#25 C:\ProgramFiles\laravelProjekt\web-engineering-fhnw-wi-2015\vendor\laravel\framework\src\Illuminate\Routing\Router.php(706): Illuminate\Pipeline\Pipeline->then(Object(Closure))
#26 C:\ProgramFiles\laravelProjekt\web-engineering-fhnw-wi-2015\vendor\laravel\framework\src\Illuminate\Routing\Router.php(671): Illuminate\Routing\Router->runRouteWithinStack(Object(Illuminate\Routing\Route), Object(Illuminate\Http\Request))
#27 C:\ProgramFiles\laravelProjekt\web-engineering-fhnw-wi-2015\vendor\laravel\framework\src\Illuminate\Routing\Router.php(631): Illuminate\Routing\Router->dispatchToRoute(Object(Illuminate\Http\Request))
#28 C:\ProgramFiles\laravelProjekt\web-engineering-fhnw-wi-2015\vendor\laravel\framework\src\Illuminate\Foundation\Http\Kernel.php(236): Illuminate\Routing\Router->dispatch(Object(Illuminate\Http\Request))
#29 [internal function]: Illuminate\Foundation\Http\Kernel->Illuminate\Foundation\Http\{closure}(Object(Illuminate\Http\Request))
#30 C:\ProgramFiles\laravelProjekt\web-engineering-fhnw-wi-2015\vendor\laravel\framework\src\Illuminate\Pipeline\Pipeline.php(139): call_user_func(Object(Closure), Object(Illuminate\Http\Request))
#31 C:\ProgramFiles\laravelProjekt\web-engineering-fhnw-wi-2015\vendor\laravel\framework\src\Illuminate\Foundation\Http\Middleware\VerifyCsrfToken.php(50): Illuminate\Pipeline\Pipeline->Illuminate\Pipeline\{closure}(Object(Illuminate\Http\Request))
#32 [internal function]: Illuminate\Foundation\Http\Middleware\VerifyCsrfToken->handle(Object(Illuminate\Http\Request), Object(Closure))
#33 C:\ProgramFiles\laravelProjekt\web-engineering-fhnw-wi-2015\vendor\laravel\framework\src\Illuminate\Pipeline\Pipeline.php(124): call_user_func_array(Array, Array)
#34 C:\ProgramFiles\laravelProjekt\web-engineering-fhnw-wi-2015\vendor\laravel\framework\src\Illuminate\View\Middleware\ShareErrorsFromSession.php(49): Illuminate\Pipeline\Pipeline->Illuminate\Pipeline\{closure}(Object(Illuminate\Http\Request))
#35 [internal function]: Illuminate\View\Middleware\ShareErrorsFromSession->handle(Object(Illuminate\Http\Request), Object(Closure))
#36 C:\ProgramFiles\laravelProjekt\web-engineering-fhnw-wi-2015\vendor\laravel\framework\src\Illuminate\Pipeline\Pipeline.php(124): call_user_func_array(Array, Array)
#37 C:\ProgramFiles\laravelProjekt\web-engineering-fhnw-wi-2015\vendor\laravel\framework\src\Illuminate\Session\Middleware\StartSession.php(62): Illuminate\Pipeline\Pipeline->Illuminate\Pipeline\{closure}(Object(Illuminate\Http\Request))
#38 [internal function]: Illuminate\Session\Middleware\StartSession->handle(Object(Illuminate\Http\Request), Object(Closure))
#39 C:\ProgramFiles\laravelProjekt\web-engineering-fhnw-wi-2015\vendor\laravel\framework\src\Illuminate\Pipeline\Pipeline.php(124): call_user_func_array(Array, Array)
#40 C:\ProgramFiles\laravelProjekt\web-engineering-fhnw-wi-2015\vendor\laravel\framework\src\Illuminate\Cookie\Middleware\AddQueuedCookiesToResponse.php(37): Illuminate\Pipeline\Pipeline->Illuminate\Pipeline\{closure}(Object(Illuminate\Http\Request))
#41 [internal function]: Illuminate\Cookie\Middleware\AddQueuedCookiesToResponse->handle(Object(Illuminate\Http\Request), Object(Closure))
#42 C:\ProgramFiles\laravelProjekt\web-engineering-fhnw-wi-2015\vendor\laravel\framework\src\Illuminate\Pipeline\Pipeline.php(124): call_user_func_array(Array, Array)
#43 C:\ProgramFiles\laravelProjekt\web-engineering-fhnw-wi-2015\vendor\laravel\framework\src\Illuminate\Cookie\Middleware\EncryptCookies.php(59): Illuminate\Pipeline\Pipeline->Illuminate\Pipeline\{closure}(Object(Illuminate\Http\Request))
#44 [internal function]: Illuminate\Cookie\Middleware\EncryptCookies->handle(Object(Illuminate\Http\Request), Object(Closure))
#45 C:\ProgramFiles\laravelProjekt\web-engineering-fhnw-wi-2015\vendor\laravel\framework\src\Illuminate\Pipeline\Pipeline.php(124): call_user_func_array(Array, Array)
#46 C:\ProgramFiles\laravelProjekt\web-engineering-fhnw-wi-2015\vendor\laravel\framework\src\Illuminate\Foundation\Http\Middleware\CheckForMaintenanceMode.php(42): Illuminate\Pipeline\Pipeline->Illuminate\Pipeline\{closure}(Object(Illuminate\Http\Request))
#47 [internal function]: Illuminate\Foundation\Http\Middleware\CheckForMaintenanceMode->handle(Object(Illuminate\Http\Request), Object(Closure))
#48 C:\ProgramFiles\laravelProjekt\web-engineering-fhnw-wi-2015\vendor\laravel\framework\src\Illuminate\Pipeline\Pipeline.php(124): call_user_func_array(Array, Array)
#49 [internal function]: Illuminate\Pipeline\Pipeline->Illuminate\Pipeline\{closure}(Object(Illuminate\Http\Request))
#50 C:\ProgramFiles\laravelProjekt\web-engineering-fhnw-wi-2015\vendor\laravel\framework\src\Illuminate\Pipeline\Pipeline.php(103): call_user_func(Object(Closure), Object(Illuminate\Http\Request))
#51 C:\ProgramFiles\laravelProjekt\web-engineering-fhnw-wi-2015\vendor\laravel\framework\src\Illuminate\Foundation\Http\Kernel.php(122): Illuminate\Pipeline\Pipeline->then(Object(Closure))
#52 C:\ProgramFiles\laravelProjekt\web-engineering-fhnw-wi-2015\vendor\laravel\framework\src\Illuminate\Foundation\Http\Kernel.php(87): Illuminate\Foundation\Http\Kernel->sendRequestThroughRouter(Object(Illuminate\Http\Request))
#53 C:\ProgramFiles\laravelProjekt\web-engineering-fhnw-wi-2015\public\index.php(54): Illuminate\Foundation\Http\Kernel->handle(Object(Illuminate\Http\Request))
#54 {main}  
[2015-11-09 16:17:35] local.ERROR: exception 'InvalidArgumentException' with message 'View [layouts.master] not found.' in C:\ProgramFiles\laravelProjekt\web-engineering-fhnw-wi-2015\vendor\laravel\framework\src\Illuminate\View\FileViewFinder.php:137
Stack trace:
#0 C:\ProgramFiles\laravelProjekt\web-engineering-fhnw-wi-2015\vendor\laravel\framework\src\Illuminate\View\FileViewFinder.php(79): Illuminate\View\FileViewFinder->findInPaths('layouts.master', Array)
#1 C:\ProgramFiles\laravelProjekt\web-engineering-fhnw-wi-2015\vendor\laravel\framework\src\Illuminate\View\Factory.php(151): Illuminate\View\FileViewFinder->find('layouts.master')
#2 C:\ProgramFiles\laravelProjekt\web-engineering-fhnw-wi-2015\storage\framework\views\46661e45825fff038c476292f9e1e1d5(71): Illuminate\View\Factory->make('layouts.master', Array)
#3 C:\ProgramFiles\laravelProjekt\web-engineering-fhnw-wi-2015\vendor\laravel\framework\src\Illuminate\View\Engines\PhpEngine.php(42): include('C:\\ProgramFiles...')
#4 C:\ProgramFiles\laravelProjekt\web-engineering-fhnw-wi-2015\vendor\laravel\framework\src\Illuminate\View\Engines\CompilerEngine.php(58): Illuminate\View\Engines\PhpEngine->evaluatePath('C:\\ProgramFiles...', Array)
#5 C:\ProgramFiles\laravelProjekt\web-engineering-fhnw-wi-2015\vendor\laravel\framework\src\Illuminate\View\View.php(135): Illuminate\View\Engines\CompilerEngine->get('C:\\ProgramFiles...', Array)
#6 C:\ProgramFiles\laravelProjekt\web-engineering-fhnw-wi-2015\vendor\laravel\framework\src\Illuminate\View\View.php(106): Illuminate\View\View->getContents()
#7 C:\ProgramFiles\laravelProjekt\web-engineering-fhnw-wi-2015\vendor\laravel\framework\src\Illuminate\View\View.php(80): Illuminate\View\View->renderContents()
#8 C:\ProgramFiles\laravelProjekt\web-engineering-fhnw-wi-2015\vendor\laravel\framework\src\Illuminate\Http\Response.php(51): Illuminate\View\View->render()
#9 C:\ProgramFiles\laravelProjekt\web-engineering-fhnw-wi-2015\vendor\symfony\http-foundation\Response.php(202): Illuminate\Http\Response->setContent(Object(Illuminate\View\View))
#10 C:\ProgramFiles\laravelProjekt\web-engineering-fhnw-wi-2015\vendor\laravel\framework\src\Illuminate\Routing\Router.php(1225): Symfony\Component\HttpFoundation\Response->__construct(Object(Illuminate\View\View))
#11 C:\ProgramFiles\laravelProjekt\web-engineering-fhnw-wi-2015\vendor\laravel\framework\src\Illuminate\Routing\ControllerDispatcher.php(113): Illuminate\Routing\Router->prepareResponse(Object(Illuminate\Http\Request), Object(Illuminate\View\View))
#12 [internal function]: Illuminate\Routing\ControllerDispatcher->Illuminate\Routing\{closure}(Object(Illuminate\Http\Request))
#13 C:\ProgramFiles\laravelProjekt\web-engineering-fhnw-wi-2015\vendor\laravel\framework\src\Illuminate\Pipeline\Pipeline.php(139): call_user_func(Object(Closure), Object(Illuminate\Http\Request))
#14 C:\ProgramFiles\laravelProjekt\web-engineering-fhnw-wi-2015\app\Http\Middleware\RedirectIfAuthenticated.php(41): Illuminate\Pipeline\Pipeline->Illuminate\Pipeline\{closure}(Object(Illuminate\Http\Request))
#15 [internal function]: App\Http\Middleware\RedirectIfAuthenticated->handle(Object(Illuminate\Http\Request), Object(Closure))
#16 C:\ProgramFiles\laravelProjekt\web-engineering-fhnw-wi-2015\vendor\laravel\framework\src\Illuminate\Pipeline\Pipeline.php(124): call_user_func_array(Array, Array)
#17 [internal function]: Illuminate\Pipeline\Pipeline->Illuminate\Pipeline\{closure}(Object(Illuminate\Http\Request))
#18 C:\ProgramFiles\laravelProjekt\web-engineering-fhnw-wi-2015\vendor\laravel\framework\src\Illuminate\Pipeline\Pipeline.php(103): call_user_func(Object(Closure), Object(Illuminate\Http\Request))
#19 C:\ProgramFiles\laravelProjekt\web-engineering-fhnw-wi-2015\vendor\laravel\framework\src\Illuminate\Routing\ControllerDispatcher.php(114): Illuminate\Pipeline\Pipeline->then(Object(Closure))
#20 C:\ProgramFiles\laravelProjekt\web-engineering-fhnw-wi-2015\vendor\laravel\framework\src\Illuminate\Routing\ControllerDispatcher.php(69): Illuminate\Routing\ControllerDispatcher->callWithinStack(Object(App\Http\Controllers\Auth\AuthController), Object(Illuminate\Routing\Route), Object(Illuminate\Http\Request), 'getLogin')
#21 C:\ProgramFiles\laravelProjekt\web-engineering-fhnw-wi-2015\vendor\laravel\framework\src\Illuminate\Routing\Route.php(203): Illuminate\Routing\ControllerDispatcher->dispatch(Object(Illuminate\Routing\Route), Object(Illuminate\Http\Request), 'App\\Http\\Contro...', 'getLogin')
#22 C:\ProgramFiles\laravelProjekt\web-engineering-fhnw-wi-2015\vendor\laravel\framework\src\Illuminate\Routing\Route.php(134): Illuminate\Routing\Route->runWithCustomDispatcher(Object(Illuminate\Http\Request))
#23 C:\ProgramFiles\laravelProjekt\web-engineering-fhnw-wi-2015\vendor\laravel\framework\src\Illuminate\Routing\Router.php(704): Illuminate\Routing\Route->run(Object(Illuminate\Http\Request))
#24 [internal function]: Illuminate\Routing\Router->Illuminate\Routing\{closure}(Object(Illuminate\Http\Request))
#25 C:\ProgramFiles\laravelProjekt\web-engineering-fhnw-wi-2015\vendor\laravel\framework\src\Illuminate\Pipeline\Pipeline.php(139): call_user_func(Object(Closure), Object(Illuminate\Http\Request))
#26 [internal function]: Illuminate\Pipeline\Pipeline->Illuminate\Pipeline\{closure}(Object(Illuminate\Http\Request))
#27 C:\ProgramFiles\laravelProjekt\web-engineering-fhnw-wi-2015\vendor\laravel\framework\src\Illuminate\Pipeline\Pipeline.php(103): call_user_func(Object(Closure), Object(Illuminate\Http\Request))
#28 C:\ProgramFiles\laravelProjekt\web-engineering-fhnw-wi-2015\vendor\laravel\framework\src\Illuminate\Routing\Router.php(706): Illuminate\Pipeline\Pipeline->then(Object(Closure))
#29 C:\ProgramFiles\laravelProjekt\web-engineering-fhnw-wi-2015\vendor\laravel\framework\src\Illuminate\Routing\Router.php(671): Illuminate\Routing\Router->runRouteWithinStack(Object(Illuminate\Routing\Route), Object(Illuminate\Http\Request))
#30 C:\ProgramFiles\laravelProjekt\web-engineering-fhnw-wi-2015\vendor\laravel\framework\src\Illuminate\Routing\Router.php(631): Illuminate\Routing\Router->dispatchToRoute(Object(Illuminate\Http\Request))
#31 C:\ProgramFiles\laravelProjekt\web-engineering-fhnw-wi-2015\vendor\laravel\framework\src\Illuminate\Foundation\Http\Kernel.php(236): Illuminate\Routing\Router->dispatch(Object(Illuminate\Http\Request))
#32 [internal function]: Illuminate\Foundation\Http\Kernel->Illuminate\Foundation\Http\{closure}(Object(Illuminate\Http\Request))
#33 C:\ProgramFiles\laravelProjekt\web-engineering-fhnw-wi-2015\vendor\laravel\framework\src\Illuminate\Pipeline\Pipeline.php(139): call_user_func(Object(Closure), Object(Illuminate\Http\Request))
#34 C:\ProgramFiles\laravelProjekt\web-engineering-fhnw-wi-2015\vendor\laravel\framework\src\Illuminate\Foundation\Http\Middleware\VerifyCsrfToken.php(50): Illuminate\Pipeline\Pipeline->Illuminate\Pipeline\{closure}(Object(Illuminate\Http\Request))
#35 [internal function]: Illuminate\Foundation\Http\Middleware\VerifyCsrfToken->handle(Object(Illuminate\Http\Request), Object(Closure))
#36 C:\ProgramFiles\laravelProjekt\web-engineering-fhnw-wi-2015\vendor\laravel\framework\src\Illuminate\Pipeline\Pipeline.php(124): call_user_func_array(Array, Array)
#37 C:\ProgramFiles\laravelProjekt\web-engineering-fhnw-wi-2015\vendor\laravel\framework\src\Illuminate\View\Middleware\ShareErrorsFromSession.php(49): Illuminate\Pipeline\Pipeline->Illuminate\Pipeline\{closure}(Object(Illuminate\Http\Request))
#38 [internal function]: Illuminate\View\Middleware\ShareErrorsFromSession->handle(Object(Illuminate\Http\Request), Object(Closure))
#39 C:\ProgramFiles\laravelProjekt\web-engineering-fhnw-wi-2015\vendor\laravel\framework\src\Illuminate\Pipeline\Pipeline.php(124): call_user_func_array(Array, Array)
#40 C:\ProgramFiles\laravelProjekt\web-engineering-fhnw-wi-2015\vendor\laravel\framework\src\Illuminate\Session\Middleware\StartSession.php(62): Illuminate\Pipeline\Pipeline->Illuminate\Pipeline\{closure}(Object(Illuminate\Http\Request))
#41 [internal function]: Illuminate\Session\Middleware\StartSession->handle(Object(Illuminate\Http\Request), Object(Closure))
#42 C:\ProgramFiles\laravelProjekt\web-engineering-fhnw-wi-2015\vendor\laravel\framework\src\Illuminate\Pipeline\Pipeline.php(124): call_user_func_array(Array, Array)
#43 C:\ProgramFiles\laravelProjekt\web-engineering-fhnw-wi-2015\vendor\laravel\framework\src\Illuminate\Cookie\Middleware\AddQueuedCookiesToResponse.php(37): Illuminate\Pipeline\Pipeline->Illuminate\Pipeline\{closure}(Object(Illuminate\Http\Request))
#44 [internal function]: Illuminate\Cookie\Middleware\AddQueuedCookiesToResponse->handle(Object(Illuminate\Http\Request), Object(Closure))
#45 C:\ProgramFiles\laravelProjekt\web-engineering-fhnw-wi-2015\vendor\laravel\framework\src\Illuminate\Pipeline\Pipeline.php(124): call_user_func_array(Array, Array)
#46 C:\ProgramFiles\laravelProjekt\web-engineering-fhnw-wi-2015\vendor\laravel\framework\src\Illuminate\Cookie\Middleware\EncryptCookies.php(59): Illuminate\Pipeline\Pipeline->Illuminate\Pipeline\{closure}(Object(Illuminate\Http\Request))
#47 [internal function]: Illuminate\Cookie\Middleware\EncryptCookies->handle(Object(Illuminate\Http\Request), Object(Closure))
#48 C:\ProgramFiles\laravelProjekt\web-engineering-fhnw-wi-2015\vendor\laravel\framework\src\Illuminate\Pipeline\Pipeline.php(124): call_user_func_array(Array, Array)
#49 C:\ProgramFiles\laravelProjekt\web-engineering-fhnw-wi-2015\vendor\laravel\framework\src\Illuminate\Foundation\Http\Middleware\CheckForMaintenanceMode.php(42): Illuminate\Pipeline\Pipeline->Illuminate\Pipeline\{closure}(Object(Illuminate\Http\Request))
#50 [internal function]: Illuminate\Foundation\Http\Middleware\CheckForMaintenanceMode->handle(Object(Illuminate\Http\Request), Object(Closure))
#51 C:\ProgramFiles\laravelProjekt\web-engineering-fhnw-wi-2015\vendor\laravel\framework\src\Illuminate\Pipeline\Pipeline.php(124): call_user_func_array(Array, Array)
#52 [internal function]: Illuminate\Pipeline\Pipeline->Illuminate\Pipeline\{closure}(Object(Illuminate\Http\Request))
#53 C:\ProgramFiles\laravelProjekt\web-engineering-fhnw-wi-2015\vendor\laravel\framework\src\Illuminate\Pipeline\Pipeline.php(103): call_user_func(Object(Closure), Object(Illuminate\Http\Request))
#54 C:\ProgramFiles\laravelProjekt\web-engineering-fhnw-wi-2015\vendor\laravel\framework\src\Illuminate\Foundation\Http\Kernel.php(122): Illuminate\Pipeline\Pipeline->then(Object(Closure))
#55 C:\ProgramFiles\laravelProjekt\web-engineering-fhnw-wi-2015\vendor\laravel\framework\src\Illuminate\Foundation\Http\Kernel.php(87): Illuminate\Foundation\Http\Kernel->sendRequestThroughRouter(Object(Illuminate\Http\Request))
#56 C:\ProgramFiles\laravelProjekt\web-engineering-fhnw-wi-2015\public\index.php(54): Illuminate\Foundation\Http\Kernel->handle(Object(Illuminate\Http\Request))
#57 {main}

Next exception 'ErrorException' with message 'View [layouts.master] not found. (View: C:\ProgramFiles\laravelProjekt\web-engineering-fhnw-wi-2015\resources\views\auth\login.blade.php)' in C:\ProgramFiles\laravelProjekt\web-engineering-fhnw-wi-2015\vendor\laravel\framework\src\Illuminate\View\FileViewFinder.php:137
Stack trace:
#0 C:\ProgramFiles\laravelProjekt\web-engineering-fhnw-wi-2015\vendor\laravel\framework\src\Illuminate\View\Engines\PhpEngine.php(44): Illuminate\View\Engines\CompilerEngine->handleViewException(Object(InvalidArgumentException), 1)
#1 C:\ProgramFiles\laravelProjekt\web-engineering-fhnw-wi-2015\vendor\laravel\framework\src\Illuminate\View\Engines\CompilerEngine.php(58): Illuminate\View\Engines\PhpEngine->evaluatePath('C:\\ProgramFiles...', Array)
#2 C:\ProgramFiles\laravelProjekt\web-engineering-fhnw-wi-2015\vendor\laravel\framework\src\Illuminate\View\View.php(135): Illuminate\View\Engines\CompilerEngine->get('C:\\ProgramFiles...', Array)
#3 C:\ProgramFiles\laravelProjekt\web-engineering-fhnw-wi-2015\vendor\laravel\framework\src\Illuminate\View\View.php(106): Illuminate\View\View->getContents()
#4 C:\ProgramFiles\laravelProjekt\web-engineering-fhnw-wi-2015\vendor\laravel\framework\src\Illuminate\View\View.php(80): Illuminate\View\View->renderContents()
#5 C:\ProgramFiles\laravelProjekt\web-engineering-fhnw-wi-2015\vendor\laravel\framework\src\Illuminate\Http\Response.php(51): Illuminate\View\View->render()
#6 C:\ProgramFiles\laravelProjekt\web-engineering-fhnw-wi-2015\vendor\symfony\http-foundation\Response.php(202): Illuminate\Http\Response->setContent(Object(Illuminate\View\View))
#7 C:\ProgramFiles\laravelProjekt\web-engineering-fhnw-wi-2015\vendor\laravel\framework\src\Illuminate\Routing\Router.php(1225): Symfony\Component\HttpFoundation\Response->__construct(Object(Illuminate\View\View))
#8 C:\ProgramFiles\laravelProjekt\web-engineering-fhnw-wi-2015\vendor\laravel\framework\src\Illuminate\Routing\ControllerDispatcher.php(113): Illuminate\Routing\Router->prepareResponse(Object(Illuminate\Http\Request), Object(Illuminate\View\View))
#9 [internal function]: Illuminate\Routing\ControllerDispatcher->Illuminate\Routing\{closure}(Object(Illuminate\Http\Request))
#10 C:\ProgramFiles\laravelProjekt\web-engineering-fhnw-wi-2015\vendor\laravel\framework\src\Illuminate\Pipeline\Pipeline.php(139): call_user_func(Object(Closure), Object(Illuminate\Http\Request))
#11 C:\ProgramFiles\laravelProjekt\web-engineering-fhnw-wi-2015\app\Http\Middleware\RedirectIfAuthenticated.php(41): Illuminate\Pipeline\Pipeline->Illuminate\Pipeline\{closure}(Object(Illuminate\Http\Request))
#12 [internal function]: App\Http\Middleware\RedirectIfAuthenticated->handle(Object(Illuminate\Http\Request), Object(Closure))
#13 C:\ProgramFiles\laravelProjekt\web-engineering-fhnw-wi-2015\vendor\laravel\framework\src\Illuminate\Pipeline\Pipeline.php(124): call_user_func_array(Array, Array)
#14 [internal function]: Illuminate\Pipeline\Pipeline->Illuminate\Pipeline\{closure}(Object(Illuminate\Http\Request))
#15 C:\ProgramFiles\laravelProjekt\web-engineering-fhnw-wi-2015\vendor\laravel\framework\src\Illuminate\Pipeline\Pipeline.php(103): call_user_func(Object(Closure), Object(Illuminate\Http\Request))
#16 C:\ProgramFiles\laravelProjekt\web-engineering-fhnw-wi-2015\vendor\laravel\framework\src\Illuminate\Routing\ControllerDispatcher.php(114): Illuminate\Pipeline\Pipeline->then(Object(Closure))
#17 C:\ProgramFiles\laravelProjekt\web-engineering-fhnw-wi-2015\vendor\laravel\framework\src\Illuminate\Routing\ControllerDispatcher.php(69): Illuminate\Routing\ControllerDispatcher->callWithinStack(Object(App\Http\Controllers\Auth\AuthController), Object(Illuminate\Routing\Route), Object(Illuminate\Http\Request), 'getLogin')
#18 C:\ProgramFiles\laravelProjekt\web-engineering-fhnw-wi-2015\vendor\laravel\framework\src\Illuminate\Routing\Route.php(203): Illuminate\Routing\ControllerDispatcher->dispatch(Object(Illuminate\Routing\Route), Object(Illuminate\Http\Request), 'App\\Http\\Contro...', 'getLogin')
#19 C:\ProgramFiles\laravelProjekt\web-engineering-fhnw-wi-2015\vendor\laravel\framework\src\Illuminate\Routing\Route.php(134): Illuminate\Routing\Route->runWithCustomDispatcher(Object(Illuminate\Http\Request))
#20 C:\ProgramFiles\laravelProjekt\web-engineering-fhnw-wi-2015\vendor\laravel\framework\src\Illuminate\Routing\Router.php(704): Illuminate\Routing\Route->run(Object(Illuminate\Http\Request))
#21 [internal function]: Illuminate\Routing\Router->Illuminate\Routing\{closure}(Object(Illuminate\Http\Request))
#22 C:\ProgramFiles\laravelProjekt\web-engineering-fhnw-wi-2015\vendor\laravel\framework\src\Illuminate\Pipeline\Pipeline.php(139): call_user_func(Object(Closure), Object(Illuminate\Http\Request))
#23 [internal function]: Illuminate\Pipeline\Pipeline->Illuminate\Pipeline\{closure}(Object(Illuminate\Http\Request))
#24 C:\ProgramFiles\laravelProjekt\web-engineering-fhnw-wi-2015\vendor\laravel\framework\src\Illuminate\Pipeline\Pipeline.php(103): call_user_func(Object(Closure), Object(Illuminate\Http\Request))
#25 C:\ProgramFiles\laravelProjekt\web-engineering-fhnw-wi-2015\vendor\laravel\framework\src\Illuminate\Routing\Router.php(706): Illuminate\Pipeline\Pipeline->then(Object(Closure))
#26 C:\ProgramFiles\laravelProjekt\web-engineering-fhnw-wi-2015\vendor\laravel\framework\src\Illuminate\Routing\Router.php(671): Illuminate\Routing\Router->runRouteWithinStack(Object(Illuminate\Routing\Route), Object(Illuminate\Http\Request))
#27 C:\ProgramFiles\laravelProjekt\web-engineering-fhnw-wi-2015\vendor\laravel\framework\src\Illuminate\Routing\Router.php(631): Illuminate\Routing\Router->dispatchToRoute(Object(Illuminate\Http\Request))
#28 C:\ProgramFiles\laravelProjekt\web-engineering-fhnw-wi-2015\vendor\laravel\framework\src\Illuminate\Foundation\Http\Kernel.php(236): Illuminate\Routing\Router->dispatch(Object(Illuminate\Http\Request))
#29 [internal function]: Illuminate\Foundation\Http\Kernel->Illuminate\Foundation\Http\{closure}(Object(Illuminate\Http\Request))
#30 C:\ProgramFiles\laravelProjekt\web-engineering-fhnw-wi-2015\vendor\laravel\framework\src\Illuminate\Pipeline\Pipeline.php(139): call_user_func(Object(Closure), Object(Illuminate\Http\Request))
#31 C:\ProgramFiles\laravelProjekt\web-engineering-fhnw-wi-2015\vendor\laravel\framework\src\Illuminate\Foundation\Http\Middleware\VerifyCsrfToken.php(50): Illuminate\Pipeline\Pipeline->Illuminate\Pipeline\{closure}(Object(Illuminate\Http\Request))
#32 [internal function]: Illuminate\Foundation\Http\Middleware\VerifyCsrfToken->handle(Object(Illuminate\Http\Request), Object(Closure))
#33 C:\ProgramFiles\laravelProjekt\web-engineering-fhnw-wi-2015\vendor\laravel\framework\src\Illuminate\Pipeline\Pipeline.php(124): call_user_func_array(Array, Array)
#34 C:\ProgramFiles\laravelProjekt\web-engineering-fhnw-wi-2015\vendor\laravel\framework\src\Illuminate\View\Middleware\ShareErrorsFromSession.php(49): Illuminate\Pipeline\Pipeline->Illuminate\Pipeline\{closure}(Object(Illuminate\Http\Request))
#35 [internal function]: Illuminate\View\Middleware\ShareErrorsFromSession->handle(Object(Illuminate\Http\Request), Object(Closure))
#36 C:\ProgramFiles\laravelProjekt\web-engineering-fhnw-wi-2015\vendor\laravel\framework\src\Illuminate\Pipeline\Pipeline.php(124): call_user_func_array(Array, Array)
#37 C:\ProgramFiles\laravelProjekt\web-engineering-fhnw-wi-2015\vendor\laravel\framework\src\Illuminate\Session\Middleware\StartSession.php(62): Illuminate\Pipeline\Pipeline->Illuminate\Pipeline\{closure}(Object(Illuminate\Http\Request))
#38 [internal function]: Illuminate\Session\Middleware\StartSession->handle(Object(Illuminate\Http\Request), Object(Closure))
#39 C:\ProgramFiles\laravelProjekt\web-engineering-fhnw-wi-2015\vendor\laravel\framework\src\Illuminate\Pipeline\Pipeline.php(124): call_user_func_array(Array, Array)
#40 C:\ProgramFiles\laravelProjekt\web-engineering-fhnw-wi-2015\vendor\laravel\framework\src\Illuminate\Cookie\Middleware\AddQueuedCookiesToResponse.php(37): Illuminate\Pipeline\Pipeline->Illuminate\Pipeline\{closure}(Object(Illuminate\Http\Request))
#41 [internal function]: Illuminate\Cookie\Middleware\AddQueuedCookiesToResponse->handle(Object(Illuminate\Http\Request), Object(Closure))
#42 C:\ProgramFiles\laravelProjekt\web-engineering-fhnw-wi-2015\vendor\laravel\framework\src\Illuminate\Pipeline\Pipeline.php(124): call_user_func_array(Array, Array)
#43 C:\ProgramFiles\laravelProjekt\web-engineering-fhnw-wi-2015\vendor\laravel\framework\src\Illuminate\Cookie\Middleware\EncryptCookies.php(59): Illuminate\Pipeline\Pipeline->Illuminate\Pipeline\{closure}(Object(Illuminate\Http\Request))
#44 [internal function]: Illuminate\Cookie\Middleware\EncryptCookies->handle(Object(Illuminate\Http\Request), Object(Closure))
#45 C:\ProgramFiles\laravelProjekt\web-engineering-fhnw-wi-2015\vendor\laravel\framework\src\Illuminate\Pipeline\Pipeline.php(124): call_user_func_array(Array, Array)
#46 C:\ProgramFiles\laravelProjekt\web-engineering-fhnw-wi-2015\vendor\laravel\framework\src\Illuminate\Foundation\Http\Middleware\CheckForMaintenanceMode.php(42): Illuminate\Pipeline\Pipeline->Illuminate\Pipeline\{closure}(Object(Illuminate\Http\Request))
#47 [internal function]: Illuminate\Foundation\Http\Middleware\CheckForMaintenanceMode->handle(Object(Illuminate\Http\Request), Object(Closure))
#48 C:\ProgramFiles\laravelProjekt\web-engineering-fhnw-wi-2015\vendor\laravel\framework\src\Illuminate\Pipeline\Pipeline.php(124): call_user_func_array(Array, Array)
#49 [internal function]: Illuminate\Pipeline\Pipeline->Illuminate\Pipeline\{closure}(Object(Illuminate\Http\Request))
#50 C:\ProgramFiles\laravelProjekt\web-engineering-fhnw-wi-2015\vendor\laravel\framework\src\Illuminate\Pipeline\Pipeline.php(103): call_user_func(Object(Closure), Object(Illuminate\Http\Request))
#51 C:\ProgramFiles\laravelProjekt\web-engineering-fhnw-wi-2015\vendor\laravel\framework\src\Illuminate\Foundation\Http\Kernel.php(122): Illuminate\Pipeline\Pipeline->then(Object(Closure))
#52 C:\ProgramFiles\laravelProjekt\web-engineering-fhnw-wi-2015\vendor\laravel\framework\src\Illuminate\Foundation\Http\Kernel.php(87): Illuminate\Foundation\Http\Kernel->sendRequestThroughRouter(Object(Illuminate\Http\Request))
#53 C:\ProgramFiles\laravelProjekt\web-engineering-fhnw-wi-2015\public\index.php(54): Illuminate\Foundation\Http\Kernel->handle(Object(Illuminate\Http\Request))
#54 {main}  
